2025-02-16 08:31:04 [restartedMain] INFO  com.backend.api.Application - Starting Application using Java 21.0.6 with PID 32960 (E:\Development\Samy\samy_application\backend\build\classes\java\main started by William in E:\Development\Samy\samy_application\backend)
2025-02-16 08:31:04 [restartedMain] DEBUG com.backend.api.Application - Running with Spring Boot v3.3.0, Spring v6.1.8
2025-02-16 08:31:04 [restartedMain] INFO  com.backend.api.Application - The following 1 profile is active: "dev"
2025-02-16 08:31:04 [restartedMain] INFO  o.s.b.d.e.DevToolsPropertyDefaultsPostProcessor - Devtools property defaults active! Set 'spring.devtools.add-properties' to 'false' to disable
2025-02-16 08:31:04 [restartedMain] INFO  o.s.b.d.e.DevToolsPropertyDefaultsPostProcessor - For additional web related logging consider setting the 'logging.level.web' property to 'DEBUG'
2025-02-16 08:31:05 [restartedMain] INFO  o.s.d.r.c.RepositoryConfigurationDelegate - Bootstrapping Spring Data JPA repositories in DEFAULT mode.
2025-02-16 08:31:05 [restartedMain] INFO  o.s.d.r.c.RepositoryConfigurationDelegate - Finished Spring Data repository scanning in 55 ms. Found 2 JPA repository interfaces.
2025-02-16 08:31:05 [restartedMain] INFO  o.s.b.w.e.tomcat.TomcatWebServer - Tomcat initialized with port 9000 (http)
2025-02-16 08:31:05 [restartedMain] INFO  o.a.catalina.core.StandardService - Starting service [Tomcat]
2025-02-16 08:31:05 [restartedMain] INFO  o.a.catalina.core.StandardEngine - Starting Servlet engine: [Apache Tomcat/10.1.24]
2025-02-16 08:31:05 [restartedMain] INFO  o.a.c.c.C.[Tomcat].[localhost].[/] - Initializing Spring embedded WebApplicationContext
2025-02-16 08:31:05 [restartedMain] INFO  o.s.b.w.s.c.ServletWebServerApplicationContext - Root WebApplicationContext: initialization completed in 1303 ms
2025-02-16 08:31:05 [restartedMain] INFO  o.h.jpa.internal.util.LogHelper - HHH000204: Processing PersistenceUnitInfo [name: default]
2025-02-16 08:31:05 [restartedMain] INFO  org.hibernate.Version - HHH000412: Hibernate ORM core version 6.5.2.Final
2025-02-16 08:31:05 [restartedMain] INFO  o.h.c.i.RegionFactoryInitiator - HHH000026: Second-level cache disabled
2025-02-16 08:31:06 [restartedMain] INFO  o.s.o.j.p.SpringPersistenceUnitInfo - No LoadTimeWeaver setup: ignoring JPA class transformer
2025-02-16 08:31:06 [restartedMain] INFO  com.zaxxer.hikari.HikariDataSource - HikariPool-1 - Starting...
2025-02-16 08:31:06 [restartedMain] INFO  com.zaxxer.hikari.pool.HikariPool - HikariPool-1 - Added connection com.mysql.cj.jdbc.ConnectionImpl@124c3238
2025-02-16 08:31:06 [restartedMain] INFO  com.zaxxer.hikari.HikariDataSource - HikariPool-1 - Start completed.
2025-02-16 08:31:06 [restartedMain] WARN  org.hibernate.orm.deprecation - HHH90000025: MySQL8Dialect does not need to be specified explicitly using 'hibernate.dialect' (remove the property setting and it will be selected by default)
2025-02-16 08:31:06 [restartedMain] WARN  org.hibernate.orm.deprecation - HHH90000026: MySQL8Dialect has been deprecated; use org.hibernate.dialect.MySQLDialect instead
2025-02-16 08:31:07 [restartedMain] INFO  o.h.e.t.j.p.i.JtaPlatformInitiator - HHH000489: No JTA platform available (set 'hibernate.transaction.jta.platform' to enable JTA platform integration)
2025-02-16 08:31:07 [restartedMain] INFO  o.s.o.j.LocalContainerEntityManagerFactoryBean - Initialized JPA EntityManagerFactory for persistence unit 'default'
2025-02-16 08:31:07 [restartedMain] DEBUG c.b.a.s.JwtAuthenticationFilter - Filter 'jwtAuthenticationFilter' configured for use
2025-02-16 08:31:07 [restartedMain] INFO  o.s.s.c.a.a.c.InitializeAuthenticationProviderBeanManagerConfigurer$InitializeAuthenticationProviderManagerConfigurer - Global AuthenticationManager configured with AuthenticationProvider bean with name authenticationProvider
2025-02-16 08:31:07 [restartedMain] WARN  o.s.s.c.a.a.c.InitializeUserDetailsBeanManagerConfigurer$InitializeUserDetailsManagerConfigurer - Global AuthenticationManager configured with an AuthenticationProvider bean. UserDetailsService beans will not be used for username/password login. Consider removing the AuthenticationProvider bean. Alternatively, consider using the UserDetailsService in a manually instantiated DaoAuthenticationProvider.
2025-02-16 08:31:07 [restartedMain] INFO  o.s.d.j.r.query.QueryEnhancerFactory - Hibernate is in classpath; If applicable, HQL parser will be used.
2025-02-16 08:31:07 [restartedMain] WARN  o.s.b.a.o.j.JpaBaseConfiguration$JpaWebConfiguration - spring.jpa.open-in-view is enabled by default. Therefore, database queries may be performed during view rendering. Explicitly configure spring.jpa.open-in-view to disable this warning
2025-02-16 08:31:07 [restartedMain] DEBUG o.s.w.s.m.m.a.RequestMappingHandlerMapping - 8 mappings in 'requestMappingHandlerMapping'
2025-02-16 08:31:07 [restartedMain] DEBUG o.s.w.s.h.SimpleUrlHandlerMapping - Patterns [/webjars/**, /**] in 'resourceHandlerMapping'
2025-02-16 08:31:07 [restartedMain] INFO  o.s.s.web.DefaultSecurityFilterChain - Will secure any request with [org.springframework.security.web.session.DisableEncodeUrlFilter@65c72d98, org.springframework.security.web.context.request.async.WebAsyncManagerIntegrationFilter@69e8afca, org.springframework.security.web.context.SecurityContextHolderFilter@3e1b0295, org.springframework.security.web.header.HeaderWriterFilter@5b46da0e, org.springframework.web.filter.CorsFilter@3c40376f, org.springframework.security.web.authentication.logout.LogoutFilter@7b2d680a, com.backend.api.security.JwtAuthenticationFilter@6bcf8f7b, org.springframework.security.web.savedrequest.RequestCacheAwareFilter@37c934bd, org.springframework.security.web.servletapi.SecurityContextHolderAwareRequestFilter@6893f7c6, org.springframework.security.web.authentication.AnonymousAuthenticationFilter@40943211, org.springframework.security.web.session.SessionManagementFilter@8ee8a86, org.springframework.security.web.access.ExceptionTranslationFilter@172db144, org.springframework.security.web.access.intercept.AuthorizationFilter@40899547]
2025-02-16 08:31:07 [restartedMain] DEBUG o.s.w.s.m.m.a.RequestMappingHandlerAdapter - ControllerAdvice beans: 0 @ModelAttribute, 0 @InitBinder, 1 RequestBodyAdvice, 1 ResponseBodyAdvice
2025-02-16 08:31:07 [restartedMain] DEBUG o.s.w.s.m.m.a.ExceptionHandlerExceptionResolver - ControllerAdvice beans: 0 @ExceptionHandler, 1 ResponseBodyAdvice
2025-02-16 08:31:08 [restartedMain] INFO  o.s.b.d.a.OptionalLiveReloadServer - LiveReload server is running on port 35729
2025-02-16 08:31:08 [restartedMain] INFO  o.s.b.w.e.tomcat.TomcatWebServer - Tomcat started on port 9000 (http) with context path '/'
2025-02-16 08:31:08 [restartedMain] INFO  com.backend.api.Application - Started Application in 4.12 seconds (process running for 4.506)
2025-02-16 08:33:16 [http-nio-9000-exec-1] INFO  o.a.c.c.C.[Tomcat].[localhost].[/] - Initializing Spring DispatcherServlet 'dispatcherServlet'
2025-02-16 08:33:16 [http-nio-9000-exec-1] INFO  o.s.web.servlet.DispatcherServlet - Initializing Servlet 'dispatcherServlet'
2025-02-16 08:33:16 [http-nio-9000-exec-1] DEBUG o.s.web.servlet.DispatcherServlet - Detected StandardServletMultipartResolver
2025-02-16 08:33:16 [http-nio-9000-exec-1] DEBUG o.s.web.servlet.DispatcherServlet - Detected AcceptHeaderLocaleResolver
2025-02-16 08:33:16 [http-nio-9000-exec-1] DEBUG o.s.web.servlet.DispatcherServlet - Detected FixedThemeResolver
2025-02-16 08:33:16 [http-nio-9000-exec-1] DEBUG o.s.web.servlet.DispatcherServlet - Detected org.springframework.web.servlet.view.DefaultRequestToViewNameTranslator@34a08dde
2025-02-16 08:33:16 [http-nio-9000-exec-1] DEBUG o.s.web.servlet.DispatcherServlet - Detected org.springframework.web.servlet.support.SessionFlashMapManager@7cace054
2025-02-16 08:33:16 [http-nio-9000-exec-1] DEBUG o.s.web.servlet.DispatcherServlet - enableLoggingRequestDetails='false': request parameters and headers will be masked to prevent unsafe logging of potentially sensitive data
2025-02-16 08:33:16 [http-nio-9000-exec-1] INFO  o.s.web.servlet.DispatcherServlet - Completed initialization in 2 ms
2025-02-16 08:33:16 [http-nio-9000-exec-1] DEBUG o.s.security.web.FilterChainProxy - Securing OPTIONS /api/dropdowns
2025-02-16 08:33:16 [http-nio-9000-exec-4] DEBUG o.s.security.web.FilterChainProxy - Securing GET /api/dropdowns
2025-02-16 08:33:16 [http-nio-9000-exec-4] DEBUG o.s.s.w.a.AnonymousAuthenticationFilter - Set SecurityContextHolder to anonymous SecurityContext
2025-02-16 08:33:16 [http-nio-9000-exec-4] DEBUG o.s.security.web.FilterChainProxy - Secured GET /api/dropdowns
2025-02-16 08:33:16 [http-nio-9000-exec-4] DEBUG o.s.web.servlet.DispatcherServlet - GET "/api/dropdowns", parameters={}
2025-02-16 08:33:16 [http-nio-9000-exec-4] DEBUG o.s.w.s.m.m.a.RequestMappingHandlerMapping - Mapped to com.backend.api.controller.FrCodeController#getDropdownValues()
2025-02-16 08:33:16 [http-nio-9000-exec-4] DEBUG o.s.w.s.m.m.a.HttpEntityMethodProcessor - Using 'application/json', given [*/*] and supported [application/json, application/*+json]
2025-02-16 08:33:16 [http-nio-9000-exec-4] DEBUG o.s.w.s.m.m.a.HttpEntityMethodProcessor - Writing [{provinces=[org.springframework.data.jpa.repository.query.AbstractJpaQuery$TupleConverter$TupleBacke (truncated)...]
2025-02-16 08:33:16 [http-nio-9000-exec-4] DEBUG o.s.web.servlet.DispatcherServlet - Completed 200 OK
2025-02-16 08:34:47 [http-nio-9000-exec-5] DEBUG o.s.security.web.FilterChainProxy - Securing GET /api/dropdowns
2025-02-16 08:34:47 [http-nio-9000-exec-5] DEBUG o.s.s.w.a.AnonymousAuthenticationFilter - Set SecurityContextHolder to anonymous SecurityContext
2025-02-16 08:34:47 [http-nio-9000-exec-5] DEBUG o.s.security.web.FilterChainProxy - Secured GET /api/dropdowns
2025-02-16 08:34:47 [http-nio-9000-exec-5] DEBUG o.s.web.servlet.DispatcherServlet - GET "/api/dropdowns", parameters={}
2025-02-16 08:34:47 [http-nio-9000-exec-5] DEBUG o.s.w.s.m.m.a.RequestMappingHandlerMapping - Mapped to com.backend.api.controller.FrCodeController#getDropdownValues()
2025-02-16 08:34:47 [http-nio-9000-exec-5] DEBUG o.s.w.s.m.m.a.HttpEntityMethodProcessor - Using 'application/json', given [*/*] and supported [application/json, application/*+json]
2025-02-16 08:34:47 [http-nio-9000-exec-5] DEBUG o.s.w.s.m.m.a.HttpEntityMethodProcessor - Writing [{provinces=[org.springframework.data.jpa.repository.query.AbstractJpaQuery$TupleConverter$TupleBacke (truncated)...]
2025-02-16 08:34:47 [http-nio-9000-exec-5] DEBUG o.s.web.servlet.DispatcherServlet - Completed 200 OK
2025-02-16 08:37:26 [http-nio-9000-exec-7] DEBUG o.s.security.web.FilterChainProxy - Securing GET /api/dropdowns
2025-02-16 08:37:26 [http-nio-9000-exec-7] DEBUG o.s.s.w.a.AnonymousAuthenticationFilter - Set SecurityContextHolder to anonymous SecurityContext
2025-02-16 08:37:26 [http-nio-9000-exec-7] DEBUG o.s.security.web.FilterChainProxy - Secured GET /api/dropdowns
2025-02-16 08:37:26 [http-nio-9000-exec-7] DEBUG o.s.web.servlet.DispatcherServlet - GET "/api/dropdowns", parameters={}
2025-02-16 08:37:26 [http-nio-9000-exec-7] DEBUG o.s.w.s.m.m.a.RequestMappingHandlerMapping - Mapped to com.backend.api.controller.FrCodeController#getDropdownValues()
2025-02-16 08:37:26 [http-nio-9000-exec-7] DEBUG o.s.w.s.m.m.a.HttpEntityMethodProcessor - Using 'application/json', given [*/*] and supported [application/json, application/*+json]
2025-02-16 08:37:26 [http-nio-9000-exec-7] DEBUG o.s.w.s.m.m.a.HttpEntityMethodProcessor - Writing [{provinces=[org.springframework.data.jpa.repository.query.AbstractJpaQuery$TupleConverter$TupleBacke (truncated)...]
2025-02-16 08:37:26 [http-nio-9000-exec-7] DEBUG o.s.web.servlet.DispatcherServlet - Completed 200 OK
2025-02-16 08:37:32 [http-nio-9000-exec-9] DEBUG o.s.security.web.FilterChainProxy - Securing GET /api/dropdowns
2025-02-16 08:37:32 [http-nio-9000-exec-9] DEBUG o.s.s.w.a.AnonymousAuthenticationFilter - Set SecurityContextHolder to anonymous SecurityContext
2025-02-16 08:37:32 [http-nio-9000-exec-9] DEBUG o.s.security.web.FilterChainProxy - Secured GET /api/dropdowns
2025-02-16 08:37:32 [http-nio-9000-exec-9] DEBUG o.s.web.servlet.DispatcherServlet - GET "/api/dropdowns", parameters={}
2025-02-16 08:37:32 [http-nio-9000-exec-9] DEBUG o.s.w.s.m.m.a.RequestMappingHandlerMapping - Mapped to com.backend.api.controller.FrCodeController#getDropdownValues()
2025-02-16 08:37:32 [http-nio-9000-exec-9] DEBUG o.s.w.s.m.m.a.HttpEntityMethodProcessor - Using 'application/json', given [*/*] and supported [application/json, application/*+json]
2025-02-16 08:37:32 [http-nio-9000-exec-9] DEBUG o.s.w.s.m.m.a.HttpEntityMethodProcessor - Writing [{provinces=[org.springframework.data.jpa.repository.query.AbstractJpaQuery$TupleConverter$TupleBacke (truncated)...]
2025-02-16 08:37:32 [http-nio-9000-exec-9] DEBUG o.s.web.servlet.DispatcherServlet - Completed 200 OK
2025-02-16 08:39:27 [http-nio-9000-exec-3] DEBUG o.s.security.web.FilterChainProxy - Securing GET /api/dropdowns
2025-02-16 08:39:27 [http-nio-9000-exec-3] DEBUG o.s.s.w.a.AnonymousAuthenticationFilter - Set SecurityContextHolder to anonymous SecurityContext
2025-02-16 08:39:27 [http-nio-9000-exec-3] DEBUG o.s.security.web.FilterChainProxy - Secured GET /api/dropdowns
2025-02-16 08:39:27 [http-nio-9000-exec-3] DEBUG o.s.web.servlet.DispatcherServlet - GET "/api/dropdowns", parameters={}
2025-02-16 08:39:27 [http-nio-9000-exec-3] DEBUG o.s.w.s.m.m.a.RequestMappingHandlerMapping - Mapped to com.backend.api.controller.FrCodeController#getDropdownValues()
2025-02-16 08:39:27 [http-nio-9000-exec-3] DEBUG o.s.w.s.m.m.a.HttpEntityMethodProcessor - Using 'application/json', given [*/*] and supported [application/json, application/*+json]
2025-02-16 08:39:27 [http-nio-9000-exec-3] DEBUG o.s.w.s.m.m.a.HttpEntityMethodProcessor - Writing [{provinces=[org.springframework.data.jpa.repository.query.AbstractJpaQuery$TupleConverter$TupleBacke (truncated)...]
2025-02-16 08:39:27 [http-nio-9000-exec-3] DEBUG o.s.web.servlet.DispatcherServlet - Completed 200 OK
2025-02-16 08:47:08 [http-nio-9000-exec-4] DEBUG o.s.security.web.FilterChainProxy - Securing GET /api/dropdowns
2025-02-16 08:47:08 [http-nio-9000-exec-4] DEBUG o.s.s.w.a.AnonymousAuthenticationFilter - Set SecurityContextHolder to anonymous SecurityContext
2025-02-16 08:47:08 [http-nio-9000-exec-4] DEBUG o.s.security.web.FilterChainProxy - Secured GET /api/dropdowns
2025-02-16 08:47:08 [http-nio-9000-exec-4] DEBUG o.s.web.servlet.DispatcherServlet - GET "/api/dropdowns", parameters={}
2025-02-16 08:47:08 [http-nio-9000-exec-4] DEBUG o.s.w.s.m.m.a.RequestMappingHandlerMapping - Mapped to com.backend.api.controller.FrCodeController#getDropdownValues()
2025-02-16 08:47:08 [http-nio-9000-exec-4] DEBUG o.s.w.s.m.m.a.HttpEntityMethodProcessor - Using 'application/json', given [*/*] and supported [application/json, application/*+json]
2025-02-16 08:47:08 [http-nio-9000-exec-4] DEBUG o.s.w.s.m.m.a.HttpEntityMethodProcessor - Writing [{provinces=[org.springframework.data.jpa.repository.query.AbstractJpaQuery$TupleConverter$TupleBacke (truncated)...]
2025-02-16 08:47:08 [http-nio-9000-exec-4] DEBUG o.s.web.servlet.DispatcherServlet - Completed 200 OK
2025-02-16 08:47:54 [http-nio-9000-exec-2] DEBUG o.s.security.web.FilterChainProxy - Securing GET /api/dropdowns
2025-02-16 08:47:54 [http-nio-9000-exec-2] DEBUG o.s.s.w.a.AnonymousAuthenticationFilter - Set SecurityContextHolder to anonymous SecurityContext
2025-02-16 08:47:54 [http-nio-9000-exec-2] DEBUG o.s.security.web.FilterChainProxy - Secured GET /api/dropdowns
2025-02-16 08:47:54 [http-nio-9000-exec-2] DEBUG o.s.web.servlet.DispatcherServlet - GET "/api/dropdowns", parameters={}
2025-02-16 08:47:54 [http-nio-9000-exec-2] DEBUG o.s.w.s.m.m.a.RequestMappingHandlerMapping - Mapped to com.backend.api.controller.FrCodeController#getDropdownValues()
2025-02-16 08:47:54 [http-nio-9000-exec-2] DEBUG o.s.w.s.m.m.a.HttpEntityMethodProcessor - Using 'application/json', given [*/*] and supported [application/json, application/*+json]
2025-02-16 08:47:54 [http-nio-9000-exec-2] DEBUG o.s.w.s.m.m.a.HttpEntityMethodProcessor - Writing [{provinces=[org.springframework.data.jpa.repository.query.AbstractJpaQuery$TupleConverter$TupleBacke (truncated)...]
2025-02-16 08:47:54 [http-nio-9000-exec-2] DEBUG o.s.web.servlet.DispatcherServlet - Completed 200 OK
2025-02-16 08:49:28 [http-nio-9000-exec-6] DEBUG o.s.security.web.FilterChainProxy - Securing GET /api/dropdowns
2025-02-16 08:49:28 [http-nio-9000-exec-6] DEBUG o.s.s.w.a.AnonymousAuthenticationFilter - Set SecurityContextHolder to anonymous SecurityContext
2025-02-16 08:49:28 [http-nio-9000-exec-6] DEBUG o.s.security.web.FilterChainProxy - Secured GET /api/dropdowns
2025-02-16 08:49:28 [http-nio-9000-exec-6] DEBUG o.s.web.servlet.DispatcherServlet - GET "/api/dropdowns", parameters={}
2025-02-16 08:49:28 [http-nio-9000-exec-6] DEBUG o.s.w.s.m.m.a.RequestMappingHandlerMapping - Mapped to com.backend.api.controller.FrCodeController#getDropdownValues()
2025-02-16 08:49:28 [http-nio-9000-exec-6] DEBUG o.s.w.s.m.m.a.HttpEntityMethodProcessor - Using 'application/json', given [*/*] and supported [application/json, application/*+json]
2025-02-16 08:49:28 [http-nio-9000-exec-6] DEBUG o.s.w.s.m.m.a.HttpEntityMethodProcessor - Writing [{provinces=[org.springframework.data.jpa.repository.query.AbstractJpaQuery$TupleConverter$TupleBacke (truncated)...]
2025-02-16 08:49:28 [http-nio-9000-exec-6] DEBUG o.s.web.servlet.DispatcherServlet - Completed 200 OK
2025-02-16 08:49:59 [http-nio-9000-exec-7] DEBUG o.s.security.web.FilterChainProxy - Securing GET /api/dropdowns
2025-02-16 08:49:59 [http-nio-9000-exec-7] DEBUG o.s.s.w.a.AnonymousAuthenticationFilter - Set SecurityContextHolder to anonymous SecurityContext
2025-02-16 08:49:59 [http-nio-9000-exec-7] DEBUG o.s.security.web.FilterChainProxy - Secured GET /api/dropdowns
2025-02-16 08:49:59 [http-nio-9000-exec-7] DEBUG o.s.web.servlet.DispatcherServlet - GET "/api/dropdowns", parameters={}
2025-02-16 08:49:59 [http-nio-9000-exec-7] DEBUG o.s.w.s.m.m.a.RequestMappingHandlerMapping - Mapped to com.backend.api.controller.FrCodeController#getDropdownValues()
2025-02-16 08:49:59 [http-nio-9000-exec-7] DEBUG o.s.w.s.m.m.a.HttpEntityMethodProcessor - Using 'application/json', given [*/*] and supported [application/json, application/*+json]
2025-02-16 08:49:59 [http-nio-9000-exec-7] DEBUG o.s.w.s.m.m.a.HttpEntityMethodProcessor - Writing [{provinces=[org.springframework.data.jpa.repository.query.AbstractJpaQuery$TupleConverter$TupleBacke (truncated)...]
2025-02-16 08:49:59 [http-nio-9000-exec-7] DEBUG o.s.web.servlet.DispatcherServlet - Completed 200 OK
2025-02-16 09:00:51 [http-nio-9000-exec-10] DEBUG o.s.security.web.FilterChainProxy - Securing GET /api/dropdowns
2025-02-16 09:00:51 [http-nio-9000-exec-10] DEBUG o.s.s.w.a.AnonymousAuthenticationFilter - Set SecurityContextHolder to anonymous SecurityContext
2025-02-16 09:00:51 [http-nio-9000-exec-10] DEBUG o.s.security.web.FilterChainProxy - Secured GET /api/dropdowns
2025-02-16 09:00:51 [http-nio-9000-exec-10] DEBUG o.s.web.servlet.DispatcherServlet - GET "/api/dropdowns", parameters={}
2025-02-16 09:00:51 [http-nio-9000-exec-10] DEBUG o.s.w.s.m.m.a.RequestMappingHandlerMapping - Mapped to com.backend.api.controller.FrCodeController#getDropdownValues()
2025-02-16 09:00:51 [http-nio-9000-exec-10] DEBUG o.s.w.s.m.m.a.HttpEntityMethodProcessor - Using 'application/json', given [*/*] and supported [application/json, application/*+json]
2025-02-16 09:00:51 [http-nio-9000-exec-10] DEBUG o.s.w.s.m.m.a.HttpEntityMethodProcessor - Writing [{provinces=[org.springframework.data.jpa.repository.query.AbstractJpaQuery$TupleConverter$TupleBacke (truncated)...]
2025-02-16 09:00:51 [http-nio-9000-exec-10] DEBUG o.s.web.servlet.DispatcherServlet - Completed 200 OK
2025-02-16 09:03:42 [http-nio-9000-exec-1] DEBUG o.s.security.web.FilterChainProxy - Securing GET /api/dropdowns
2025-02-16 09:03:42 [http-nio-9000-exec-1] DEBUG o.s.s.w.a.AnonymousAuthenticationFilter - Set SecurityContextHolder to anonymous SecurityContext
2025-02-16 09:03:42 [http-nio-9000-exec-1] DEBUG o.s.security.web.FilterChainProxy - Secured GET /api/dropdowns
2025-02-16 09:03:42 [http-nio-9000-exec-1] DEBUG o.s.web.servlet.DispatcherServlet - GET "/api/dropdowns", parameters={}
2025-02-16 09:03:42 [http-nio-9000-exec-1] DEBUG o.s.w.s.m.m.a.RequestMappingHandlerMapping - Mapped to com.backend.api.controller.FrCodeController#getDropdownValues()
2025-02-16 09:03:42 [http-nio-9000-exec-1] DEBUG o.s.w.s.m.m.a.HttpEntityMethodProcessor - Using 'application/json', given [*/*] and supported [application/json, application/*+json]
2025-02-16 09:03:42 [http-nio-9000-exec-1] DEBUG o.s.w.s.m.m.a.HttpEntityMethodProcessor - Writing [{provinces=[org.springframework.data.jpa.repository.query.AbstractJpaQuery$TupleConverter$TupleBacke (truncated)...]
2025-02-16 09:03:42 [http-nio-9000-exec-1] DEBUG o.s.web.servlet.DispatcherServlet - Completed 200 OK
2025-02-16 09:09:18 [http-nio-9000-exec-8] DEBUG o.s.security.web.FilterChainProxy - Securing OPTIONS /api/users/login
2025-02-16 09:09:18 [http-nio-9000-exec-2] DEBUG o.s.security.web.FilterChainProxy - Securing POST /api/users/login
2025-02-16 09:09:18 [http-nio-9000-exec-2] DEBUG o.s.s.w.a.AnonymousAuthenticationFilter - Set SecurityContextHolder to anonymous SecurityContext
2025-02-16 09:09:18 [http-nio-9000-exec-2] DEBUG o.s.security.web.FilterChainProxy - Secured POST /api/users/login
2025-02-16 09:09:18 [http-nio-9000-exec-2] DEBUG o.s.web.servlet.DispatcherServlet - POST "/api/users/login", parameters={}
2025-02-16 09:09:18 [http-nio-9000-exec-2] DEBUG o.s.w.s.m.m.a.RequestMappingHandlerMapping - Mapped to com.backend.api.controller.AuthController#login(LoginRequest, HttpServletResponse)
2025-02-16 09:09:18 [http-nio-9000-exec-2] DEBUG o.s.w.s.m.m.a.RequestResponseBodyMethodProcessor - Read "application/json;charset=UTF-8" to [LoginRequest(email=stardev519@hotmail.com, password=123456)]
2025-02-16 09:09:19 [http-nio-9000-exec-2] DEBUG o.s.s.a.d.DaoAuthenticationProvider - Authenticated user
2025-02-16 09:09:19 [http-nio-9000-exec-2] DEBUG o.s.w.s.m.m.a.HttpEntityMethodProcessor - Using 'application/json', given [*/*] and supported [application/json, application/*+json]
2025-02-16 09:09:19 [http-nio-9000-exec-2] DEBUG o.s.w.s.m.m.a.HttpEntityMethodProcessor - Writing [AuthResponse(id=3, name=myk, email=stardev519@hotmail.com, token=eyJhbGciOiJIUzI1NiJ9.eyJzdWIiOiJzdG (truncated)...]
2025-02-16 09:09:19 [http-nio-9000-exec-2] DEBUG o.s.web.servlet.DispatcherServlet - Completed 200 OK
2025-02-16 09:13:49 [http-nio-9000-exec-7] DEBUG o.s.security.web.FilterChainProxy - Securing GET /api/dropdowns
2025-02-16 09:13:49 [http-nio-9000-exec-7] DEBUG o.s.s.w.a.AnonymousAuthenticationFilter - Set SecurityContextHolder to anonymous SecurityContext
2025-02-16 09:13:49 [http-nio-9000-exec-7] DEBUG o.s.security.web.FilterChainProxy - Secured GET /api/dropdowns
2025-02-16 09:13:49 [http-nio-9000-exec-7] DEBUG o.s.web.servlet.DispatcherServlet - GET "/api/dropdowns", parameters={}
2025-02-16 09:13:49 [http-nio-9000-exec-7] DEBUG o.s.w.s.m.m.a.RequestMappingHandlerMapping - Mapped to com.backend.api.controller.FrCodeController#getDropdownValues()
2025-02-16 09:13:49 [http-nio-9000-exec-7] DEBUG o.s.w.s.m.m.a.HttpEntityMethodProcessor - Using 'application/json', given [*/*] and supported [application/json, application/*+json]
2025-02-16 09:13:49 [http-nio-9000-exec-7] DEBUG o.s.w.s.m.m.a.HttpEntityMethodProcessor - Writing [{provinces=[org.springframework.data.jpa.repository.query.AbstractJpaQuery$TupleConverter$TupleBacke (truncated)...]
2025-02-16 09:13:49 [http-nio-9000-exec-7] DEBUG o.s.web.servlet.DispatcherServlet - Completed 200 OK
2025-02-16 09:17:17 [http-nio-9000-exec-10] DEBUG o.s.security.web.FilterChainProxy - Securing POST /api/users/login
2025-02-16 09:17:17 [http-nio-9000-exec-10] DEBUG o.s.s.w.a.AnonymousAuthenticationFilter - Set SecurityContextHolder to anonymous SecurityContext
2025-02-16 09:17:17 [http-nio-9000-exec-10] DEBUG o.s.security.web.FilterChainProxy - Secured POST /api/users/login
2025-02-16 09:17:17 [http-nio-9000-exec-10] DEBUG o.s.web.servlet.DispatcherServlet - POST "/api/users/login", parameters={}
2025-02-16 09:17:17 [http-nio-9000-exec-10] DEBUG o.s.w.s.m.m.a.RequestMappingHandlerMapping - Mapped to com.backend.api.controller.AuthController#login(LoginRequest, HttpServletResponse)
2025-02-16 09:17:17 [http-nio-9000-exec-10] DEBUG o.s.w.s.m.m.a.RequestResponseBodyMethodProcessor - Read "application/json;charset=UTF-8" to [LoginRequest(email=stardev519@hotmail.com, password=123456)]
2025-02-16 09:17:18 [http-nio-9000-exec-10] DEBUG o.s.s.a.d.DaoAuthenticationProvider - Authenticated user
2025-02-16 09:17:18 [http-nio-9000-exec-10] DEBUG o.s.w.s.m.m.a.HttpEntityMethodProcessor - Using 'application/json', given [*/*] and supported [application/json, application/*+json]
2025-02-16 09:17:18 [http-nio-9000-exec-10] DEBUG o.s.w.s.m.m.a.HttpEntityMethodProcessor - Writing [AuthResponse(id=3, name=myk, email=stardev519@hotmail.com, token=eyJhbGciOiJIUzI1NiJ9.eyJzdWIiOiJzdG (truncated)...]
2025-02-16 09:17:18 [http-nio-9000-exec-10] DEBUG o.s.web.servlet.DispatcherServlet - Completed 200 OK
2025-02-16 09:18:04 [http-nio-9000-exec-1] DEBUG o.s.security.web.FilterChainProxy - Securing POST /api/users/login
2025-02-16 09:18:04 [http-nio-9000-exec-1] DEBUG o.s.s.w.a.AnonymousAuthenticationFilter - Set SecurityContextHolder to anonymous SecurityContext
2025-02-16 09:18:04 [http-nio-9000-exec-1] DEBUG o.s.security.web.FilterChainProxy - Secured POST /api/users/login
2025-02-16 09:18:04 [http-nio-9000-exec-1] DEBUG o.s.web.servlet.DispatcherServlet - POST "/api/users/login", parameters={}
2025-02-16 09:18:04 [http-nio-9000-exec-1] DEBUG o.s.w.s.m.m.a.RequestMappingHandlerMapping - Mapped to com.backend.api.controller.AuthController#login(LoginRequest, HttpServletResponse)
2025-02-16 09:18:04 [http-nio-9000-exec-1] DEBUG o.s.w.s.m.m.a.RequestResponseBodyMethodProcessor - Read "application/json;charset=UTF-8" to [LoginRequest(email=stardev519@hotmail.com, password=123456)]
2025-02-16 09:18:04 [http-nio-9000-exec-1] DEBUG o.s.s.a.d.DaoAuthenticationProvider - Authenticated user
2025-02-16 09:18:04 [http-nio-9000-exec-1] DEBUG o.s.w.s.m.m.a.HttpEntityMethodProcessor - Using 'application/json', given [*/*] and supported [application/json, application/*+json]
2025-02-16 09:18:04 [http-nio-9000-exec-1] DEBUG o.s.w.s.m.m.a.HttpEntityMethodProcessor - Writing [AuthResponse(id=3, name=myk, email=stardev519@hotmail.com, token=eyJhbGciOiJIUzI1NiJ9.eyJzdWIiOiJzdG (truncated)...]
2025-02-16 09:18:04 [http-nio-9000-exec-1] DEBUG o.s.web.servlet.DispatcherServlet - Completed 200 OK
2025-02-16 09:18:30 [http-nio-9000-exec-4] DEBUG o.s.security.web.FilterChainProxy - Securing POST /api/users/login
2025-02-16 09:18:30 [http-nio-9000-exec-4] DEBUG o.s.s.w.a.AnonymousAuthenticationFilter - Set SecurityContextHolder to anonymous SecurityContext
2025-02-16 09:18:30 [http-nio-9000-exec-4] DEBUG o.s.security.web.FilterChainProxy - Secured POST /api/users/login
2025-02-16 09:18:30 [http-nio-9000-exec-4] DEBUG o.s.web.servlet.DispatcherServlet - POST "/api/users/login", parameters={}
2025-02-16 09:18:30 [http-nio-9000-exec-4] DEBUG o.s.w.s.m.m.a.RequestMappingHandlerMapping - Mapped to com.backend.api.controller.AuthController#login(LoginRequest, HttpServletResponse)
2025-02-16 09:18:30 [http-nio-9000-exec-4] DEBUG o.s.w.s.m.m.a.RequestResponseBodyMethodProcessor - Read "application/json;charset=UTF-8" to [LoginRequest(email=stardev519@hotmail.com, password=123456)]
2025-02-16 09:18:30 [http-nio-9000-exec-4] DEBUG o.s.s.a.d.DaoAuthenticationProvider - Authenticated user
2025-02-16 09:18:30 [http-nio-9000-exec-4] DEBUG o.s.w.s.m.m.a.HttpEntityMethodProcessor - Using 'application/json', given [*/*] and supported [application/json, application/*+json]
2025-02-16 09:18:30 [http-nio-9000-exec-4] DEBUG o.s.w.s.m.m.a.HttpEntityMethodProcessor - Writing [AuthResponse(id=3, name=myk, email=stardev519@hotmail.com, token=eyJhbGciOiJIUzI1NiJ9.eyJzdWIiOiJzdG (truncated)...]
2025-02-16 09:18:30 [http-nio-9000-exec-4] DEBUG o.s.web.servlet.DispatcherServlet - Completed 200 OK
2025-02-16 09:19:06 [http-nio-9000-exec-8] DEBUG o.s.security.web.FilterChainProxy - Securing POST /api/users/login
2025-02-16 09:19:06 [http-nio-9000-exec-8] DEBUG o.s.s.w.a.AnonymousAuthenticationFilter - Set SecurityContextHolder to anonymous SecurityContext
2025-02-16 09:19:06 [http-nio-9000-exec-8] DEBUG o.s.security.web.FilterChainProxy - Secured POST /api/users/login
2025-02-16 09:19:06 [http-nio-9000-exec-8] DEBUG o.s.web.servlet.DispatcherServlet - POST "/api/users/login", parameters={}
2025-02-16 09:19:06 [http-nio-9000-exec-8] DEBUG o.s.w.s.m.m.a.RequestMappingHandlerMapping - Mapped to com.backend.api.controller.AuthController#login(LoginRequest, HttpServletResponse)
2025-02-16 09:19:06 [http-nio-9000-exec-8] DEBUG o.s.w.s.m.m.a.RequestResponseBodyMethodProcessor - Read "application/json;charset=UTF-8" to [LoginRequest(email=stardev519@hotmail.com, password=123456)]
2025-02-16 09:19:06 [http-nio-9000-exec-8] DEBUG o.s.s.a.d.DaoAuthenticationProvider - Authenticated user
2025-02-16 09:19:06 [http-nio-9000-exec-8] DEBUG o.s.w.s.m.m.a.HttpEntityMethodProcessor - Using 'application/json', given [*/*] and supported [application/json, application/*+json]
2025-02-16 09:19:06 [http-nio-9000-exec-8] DEBUG o.s.w.s.m.m.a.HttpEntityMethodProcessor - Writing [AuthResponse(id=3, name=myk, email=stardev519@hotmail.com, token=eyJhbGciOiJIUzI1NiJ9.eyJzdWIiOiJzdG (truncated)...]
2025-02-16 09:19:06 [http-nio-9000-exec-8] DEBUG o.s.web.servlet.DispatcherServlet - Completed 200 OK
2025-02-16 09:19:07 [http-nio-9000-exec-2] DEBUG o.s.security.web.FilterChainProxy - Securing OPTIONS /api/dropdowns
2025-02-16 09:19:07 [http-nio-9000-exec-5] DEBUG o.s.security.web.FilterChainProxy - Securing GET /api/dropdowns
2025-02-16 09:19:07 [http-nio-9000-exec-5] DEBUG o.s.security.web.FilterChainProxy - Secured GET /api/dropdowns
2025-02-16 09:19:07 [http-nio-9000-exec-5] DEBUG o.s.web.servlet.DispatcherServlet - GET "/api/dropdowns", parameters={}
2025-02-16 09:19:07 [http-nio-9000-exec-5] DEBUG o.s.w.s.m.m.a.RequestMappingHandlerMapping - Mapped to com.backend.api.controller.FrCodeController#getDropdownValues()
2025-02-16 09:19:07 [http-nio-9000-exec-5] DEBUG o.s.w.s.m.m.a.HttpEntityMethodProcessor - Using 'application/json', given [*/*] and supported [application/json, application/*+json]
2025-02-16 09:19:07 [http-nio-9000-exec-5] DEBUG o.s.w.s.m.m.a.HttpEntityMethodProcessor - Writing [{provinces=[org.springframework.data.jpa.repository.query.AbstractJpaQuery$TupleConverter$TupleBacke (truncated)...]
2025-02-16 09:19:07 [http-nio-9000-exec-5] DEBUG o.s.web.servlet.DispatcherServlet - Completed 200 OK
2025-02-16 09:23:10 [http-nio-9000-exec-9] DEBUG o.s.security.web.FilterChainProxy - Securing OPTIONS /api/owners
2025-02-16 09:23:10 [http-nio-9000-exec-10] DEBUG o.s.security.web.FilterChainProxy - Securing POST /api/owners
2025-02-16 09:23:10 [http-nio-9000-exec-10] DEBUG o.s.security.web.FilterChainProxy - Secured POST /api/owners
2025-02-16 09:23:10 [http-nio-9000-exec-10] DEBUG o.s.web.servlet.DispatcherServlet - POST "/api/owners", parameters={}
2025-02-16 09:23:10 [http-nio-9000-exec-10] DEBUG o.s.w.s.m.m.a.RequestMappingHandlerMapping - Mapped to com.backend.api.controller.OwnerController#saveOwners(OwnerSaveRequest)
2025-02-16 09:23:10 [http-nio-9000-exec-10] DEBUG o.s.w.s.m.m.a.RequestResponseBodyMethodProcessor - Read "application/json;charset=UTF-8" to [OwnerSaveRequest(applicationFormNumber=298312, owners=[OwnerSaveRequest.OwnerDTO(lastModifiedDate=nu (truncated)...]
2025-02-16 09:23:10 [http-nio-9000-exec-10] INFO  c.b.api.controller.OwnerController - Received owner save request: OwnerSaveRequest(applicationFormNumber=298312, owners=[OwnerSaveRequest.OwnerDTO(lastModifiedDate=null, clientGUID=null, typeCode=01, firstName=tre, lastName=tre, companyName=null, dateOfBirth=2025-02-12, gender=male, tobacco=no, countryCode=01, stateCode=06, ssn=123, businessRegistrationNumber=null, roleGUID=null, roleCode=null, statusCode=null, addresses=[OwnerSaveRequest.AddressDTO(addressGUID=null, typeCode=01, statusCode=null, addressLine1=werwer, addressLine2=null, city=rew, stateCode=10, countryCode=01, zipCode=23423), OwnerSaveRequest.AddressDTO(addressGUID=null, typeCode=02, statusCode=null, addressLine1=wrewre, addressLine2=null, city=wer, stateCode=12, countryCode=01, zipCode=23423)]), OwnerSaveRequest.OwnerDTO(lastModifiedDate=null, clientGUID=null, typeCode=02, firstName=null, lastName=null, companyName=rwe, dateOfBirth=null, gender=null, tobacco=null, countryCode=01, stateCode=06, ssn=null, businessRegistrationNumber=234, roleGUID=null, roleCode=null, statusCode=null, addresses=[OwnerSaveRequest.AddressDTO(addressGUID=null, typeCode=01, statusCode=null, addressLine1=werwe, addressLine2=45645rew, city=wer, stateCode=04, countryCode=01, zipCode=23423), OwnerSaveRequest.AddressDTO(addressGUID=null, typeCode=02, statusCode=null, addressLine1=werwer, addressLine2=null, city=wer, stateCode=11, countryCode=01, zipCode=23423)])])
2025-02-16 09:23:10 [http-nio-9000-exec-10] INFO  c.backend.api.service.OwnerService - Saving owner: OwnerSaveRequest.OwnerDTO(lastModifiedDate=null, clientGUID=null, typeCode=01, firstName=tre, lastName=tre, companyName=null, dateOfBirth=2025-02-12, gender=male, tobacco=no, countryCode=01, stateCode=06, ssn=123, businessRegistrationNumber=null, roleGUID=null, roleCode=null, statusCode=null, addresses=[OwnerSaveRequest.AddressDTO(addressGUID=null, typeCode=01, statusCode=null, addressLine1=werwer, addressLine2=null, city=rew, stateCode=10, countryCode=01, zipCode=23423), OwnerSaveRequest.AddressDTO(addressGUID=null, typeCode=02, statusCode=null, addressLine1=wrewre, addressLine2=null, city=wer, stateCode=12, countryCode=01, zipCode=23423)])
2025-02-16 09:23:10 [http-nio-9000-exec-10] INFO  c.backend.api.service.OwnerService - Saving owner: OwnerSaveRequest.OwnerDTO(lastModifiedDate=null, clientGUID=null, typeCode=02, firstName=null, lastName=null, companyName=rwe, dateOfBirth=null, gender=null, tobacco=null, countryCode=01, stateCode=06, ssn=null, businessRegistrationNumber=234, roleGUID=null, roleCode=null, statusCode=null, addresses=[OwnerSaveRequest.AddressDTO(addressGUID=null, typeCode=01, statusCode=null, addressLine1=werwe, addressLine2=45645rew, city=wer, stateCode=04, countryCode=01, zipCode=23423), OwnerSaveRequest.AddressDTO(addressGUID=null, typeCode=02, statusCode=null, addressLine1=werwer, addressLine2=null, city=wer, stateCode=11, countryCode=01, zipCode=23423)])
2025-02-16 09:23:10 [http-nio-9000-exec-10] DEBUG o.s.w.s.m.m.a.HttpEntityMethodProcessor - Using 'application/json', given [*/*] and supported [application/json, application/*+json]
2025-02-16 09:23:10 [http-nio-9000-exec-10] DEBUG o.s.w.s.m.m.a.HttpEntityMethodProcessor - Nothing to write: null body
2025-02-16 09:23:10 [http-nio-9000-exec-10] DEBUG o.s.web.servlet.DispatcherServlet - Completed 200 OK
2025-02-16 09:27:02 [http-nio-9000-exec-4] DEBUG o.s.security.web.FilterChainProxy - Securing GET /api/dropdowns
2025-02-16 09:27:02 [http-nio-9000-exec-4] DEBUG o.s.security.web.FilterChainProxy - Secured GET /api/dropdowns
2025-02-16 09:27:02 [http-nio-9000-exec-4] DEBUG o.s.web.servlet.DispatcherServlet - GET "/api/dropdowns", parameters={}
2025-02-16 09:27:02 [http-nio-9000-exec-4] DEBUG o.s.w.s.m.m.a.RequestMappingHandlerMapping - Mapped to com.backend.api.controller.FrCodeController#getDropdownValues()
2025-02-16 09:27:02 [http-nio-9000-exec-4] DEBUG o.s.w.s.m.m.a.HttpEntityMethodProcessor - Using 'application/json', given [*/*] and supported [application/json, application/*+json]
2025-02-16 09:27:02 [http-nio-9000-exec-4] DEBUG o.s.w.s.m.m.a.HttpEntityMethodProcessor - Writing [{provinces=[org.springframework.data.jpa.repository.query.AbstractJpaQuery$TupleConverter$TupleBacke (truncated)...]
2025-02-16 09:27:02 [http-nio-9000-exec-4] DEBUG o.s.web.servlet.DispatcherServlet - Completed 200 OK
2025-02-16 09:28:06 [http-nio-9000-exec-2] DEBUG o.s.security.web.FilterChainProxy - Securing OPTIONS /api/dropdowns
2025-02-16 09:28:06 [http-nio-9000-exec-5] DEBUG o.s.security.web.FilterChainProxy - Securing GET /api/dropdowns
2025-02-16 09:28:06 [http-nio-9000-exec-5] DEBUG o.s.security.web.FilterChainProxy - Secured GET /api/dropdowns
2025-02-16 09:28:06 [http-nio-9000-exec-5] DEBUG o.s.web.servlet.DispatcherServlet - GET "/api/dropdowns", parameters={}
2025-02-16 09:28:06 [http-nio-9000-exec-5] DEBUG o.s.w.s.m.m.a.RequestMappingHandlerMapping - Mapped to com.backend.api.controller.FrCodeController#getDropdownValues()
2025-02-16 09:28:06 [http-nio-9000-exec-5] DEBUG o.s.w.s.m.m.a.HttpEntityMethodProcessor - Using 'application/json', given [*/*] and supported [application/json, application/*+json]
2025-02-16 09:28:06 [http-nio-9000-exec-5] DEBUG o.s.w.s.m.m.a.HttpEntityMethodProcessor - Writing [{provinces=[org.springframework.data.jpa.repository.query.AbstractJpaQuery$TupleConverter$TupleBacke (truncated)...]
2025-02-16 09:28:06 [http-nio-9000-exec-5] DEBUG o.s.web.servlet.DispatcherServlet - Completed 200 OK
2025-02-16 09:28:09 [http-nio-9000-exec-7] DEBUG o.s.security.web.FilterChainProxy - Securing OPTIONS /api/dropdowns
2025-02-16 09:28:09 [http-nio-9000-exec-6] DEBUG o.s.security.web.FilterChainProxy - Securing GET /api/dropdowns
2025-02-16 09:28:09 [http-nio-9000-exec-6] DEBUG o.s.security.web.FilterChainProxy - Secured GET /api/dropdowns
2025-02-16 09:28:09 [http-nio-9000-exec-6] DEBUG o.s.web.servlet.DispatcherServlet - GET "/api/dropdowns", parameters={}
2025-02-16 09:28:09 [http-nio-9000-exec-6] DEBUG o.s.w.s.m.m.a.RequestMappingHandlerMapping - Mapped to com.backend.api.controller.FrCodeController#getDropdownValues()
2025-02-16 09:28:09 [http-nio-9000-exec-6] DEBUG o.s.w.s.m.m.a.HttpEntityMethodProcessor - Using 'application/json', given [*/*] and supported [application/json, application/*+json]
2025-02-16 09:28:09 [http-nio-9000-exec-6] DEBUG o.s.w.s.m.m.a.HttpEntityMethodProcessor - Writing [{provinces=[org.springframework.data.jpa.repository.query.AbstractJpaQuery$TupleConverter$TupleBacke (truncated)...]
2025-02-16 09:28:09 [http-nio-9000-exec-6] DEBUG o.s.web.servlet.DispatcherServlet - Completed 200 OK
2025-02-16 09:28:11 [http-nio-9000-exec-9] DEBUG o.s.security.web.FilterChainProxy - Securing OPTIONS /api/dropdowns
2025-02-16 09:28:11 [http-nio-9000-exec-10] DEBUG o.s.security.web.FilterChainProxy - Securing GET /api/dropdowns
2025-02-16 09:28:11 [http-nio-9000-exec-10] DEBUG o.s.security.web.FilterChainProxy - Secured GET /api/dropdowns
2025-02-16 09:28:11 [http-nio-9000-exec-10] DEBUG o.s.web.servlet.DispatcherServlet - GET "/api/dropdowns", parameters={}
2025-02-16 09:28:11 [http-nio-9000-exec-10] DEBUG o.s.w.s.m.m.a.RequestMappingHandlerMapping - Mapped to com.backend.api.controller.FrCodeController#getDropdownValues()
2025-02-16 09:28:11 [http-nio-9000-exec-10] DEBUG o.s.w.s.m.m.a.HttpEntityMethodProcessor - Using 'application/json', given [*/*] and supported [application/json, application/*+json]
2025-02-16 09:28:11 [http-nio-9000-exec-10] DEBUG o.s.w.s.m.m.a.HttpEntityMethodProcessor - Writing [{provinces=[org.springframework.data.jpa.repository.query.AbstractJpaQuery$TupleConverter$TupleBacke (truncated)...]
2025-02-16 09:28:11 [http-nio-9000-exec-10] DEBUG o.s.web.servlet.DispatcherServlet - Completed 200 OK
2025-02-16 09:28:22 [http-nio-9000-exec-3] DEBUG o.s.security.web.FilterChainProxy - Securing GET /api/dropdowns
2025-02-16 09:28:22 [http-nio-9000-exec-3] DEBUG o.s.security.web.FilterChainProxy - Secured GET /api/dropdowns
2025-02-16 09:28:22 [http-nio-9000-exec-3] DEBUG o.s.web.servlet.DispatcherServlet - GET "/api/dropdowns", parameters={}
2025-02-16 09:28:22 [http-nio-9000-exec-3] DEBUG o.s.w.s.m.m.a.RequestMappingHandlerMapping - Mapped to com.backend.api.controller.FrCodeController#getDropdownValues()
2025-02-16 09:28:22 [http-nio-9000-exec-3] DEBUG o.s.w.s.m.m.a.HttpEntityMethodProcessor - Using 'application/json', given [*/*] and supported [application/json, application/*+json]
2025-02-16 09:28:22 [http-nio-9000-exec-3] DEBUG o.s.w.s.m.m.a.HttpEntityMethodProcessor - Writing [{provinces=[org.springframework.data.jpa.repository.query.AbstractJpaQuery$TupleConverter$TupleBacke (truncated)...]
2025-02-16 09:28:22 [http-nio-9000-exec-3] DEBUG o.s.web.servlet.DispatcherServlet - Completed 200 OK
2025-02-16 09:28:54 [http-nio-9000-exec-1] DEBUG o.s.security.web.FilterChainProxy - Securing GET /api/dropdowns
2025-02-16 09:28:54 [http-nio-9000-exec-1] DEBUG o.s.security.web.FilterChainProxy - Secured GET /api/dropdowns
2025-02-16 09:28:54 [http-nio-9000-exec-1] DEBUG o.s.web.servlet.DispatcherServlet - GET "/api/dropdowns", parameters={}
2025-02-16 09:28:54 [http-nio-9000-exec-1] DEBUG o.s.w.s.m.m.a.RequestMappingHandlerMapping - Mapped to com.backend.api.controller.FrCodeController#getDropdownValues()
2025-02-16 09:28:54 [http-nio-9000-exec-1] DEBUG o.s.w.s.m.m.a.HttpEntityMethodProcessor - Using 'application/json', given [*/*] and supported [application/json, application/*+json]
2025-02-16 09:28:54 [http-nio-9000-exec-1] DEBUG o.s.w.s.m.m.a.HttpEntityMethodProcessor - Writing [{provinces=[org.springframework.data.jpa.repository.query.AbstractJpaQuery$TupleConverter$TupleBacke (truncated)...]
2025-02-16 09:28:54 [http-nio-9000-exec-1] DEBUG o.s.web.servlet.DispatcherServlet - Completed 200 OK
2025-02-16 09:29:13 [http-nio-9000-exec-8] DEBUG o.s.security.web.FilterChainProxy - Securing GET /api/dropdowns
2025-02-16 09:29:13 [http-nio-9000-exec-8] DEBUG o.s.s.w.a.AnonymousAuthenticationFilter - Set SecurityContextHolder to anonymous SecurityContext
2025-02-16 09:29:13 [http-nio-9000-exec-8] DEBUG o.s.security.web.FilterChainProxy - Secured GET /api/dropdowns
2025-02-16 09:29:13 [http-nio-9000-exec-8] DEBUG o.s.web.servlet.DispatcherServlet - GET "/api/dropdowns", parameters={}
2025-02-16 09:29:13 [http-nio-9000-exec-8] DEBUG o.s.w.s.m.m.a.RequestMappingHandlerMapping - Mapped to com.backend.api.controller.FrCodeController#getDropdownValues()
2025-02-16 09:29:13 [http-nio-9000-exec-8] DEBUG o.s.w.s.m.m.a.HttpEntityMethodProcessor - Using 'application/json', given [*/*] and supported [application/json, application/*+json]
2025-02-16 09:29:13 [http-nio-9000-exec-8] DEBUG o.s.w.s.m.m.a.HttpEntityMethodProcessor - Writing [{provinces=[org.springframework.data.jpa.repository.query.AbstractJpaQuery$TupleConverter$TupleBacke (truncated)...]
2025-02-16 09:29:13 [http-nio-9000-exec-8] DEBUG o.s.web.servlet.DispatcherServlet - Completed 200 OK
